Using pre-set license
Built from '2020.3/staging' branch; Version is '2020.3.30f1 (1fb1bf06830e) revision 2077119'; Using compiler version '192528614'; Build Type 'Release'
OS: 'Windows 11  (10.0.22000) 64bit CoreSingleLanguage' Language: 'es' Physical Memory: 16264 MB
BatchMode: 1, IsHumanControllingUs: 0, StartBugReporterOnCrash: 0, Is64bit: 1, IsPro: 0

COMMAND LINE ARGUMENTS:
D:\Program Files\Unity\2020.3.30f1\Editor\Unity.exe
-adb2
-batchMode
-noUpm
-name
AssetImportWorker0
-projectPath
C:/Users/heido/Documents/GitHub/Smijin
-logFile
Logs/AssetImportWorker0.log
-srvPort
55460
Successfully changed project path to: C:/Users/heido/Documents/GitHub/Smijin
C:/Users/heido/Documents/GitHub/Smijin
Using Asset Import Pipeline V2.
Refreshing native plugins compatible for Editor in 68.81 ms, found 2 plugins.
Preloading 0 native plugins for Editor in 0.00 ms.
Initialize engine version: 2020.3.30f1 (1fb1bf06830e)
[Subsystems] Discovering subsystems at path D:/Program Files/Unity/2020.3.30f1/Editor/Data/Resources/UnitySubsystems
[Subsystems] Discovering subsystems at path C:/Users/heido/Documents/GitHub/Smijin/Assets
GfxDevice: creating device client; threaded=0
Direct3D:
    Version:  Direct3D 11.0 [level 11.1]
    Renderer: NVIDIA GeForce GTX 1650 (ID=0x1f91)
    Vendor:   
    VRAM:     3962 MB
    Driver:   27.21.14.5749
Initialize mono
Mono path[0] = 'D:/Program Files/Unity/2020.3.30f1/Editor/Data/Managed'
Mono path[1] = 'D:/Program Files/Unity/2020.3.30f1/Editor/Data/MonoBleedingEdge/lib/mono/unityjit'
Mono config path = 'D:/Program Files/Unity/2020.3.30f1/Editor/Data/MonoBleedingEdge/etc'
Using monoOptions --debugger-agent=transport=dt_socket,embedding=1,server=y,suspend=n,address=127.0.0.1:56796
Begin MonoManager ReloadAssembly
Registering precompiled unity dll's ...
Register platform support module: D:/Program Files/Unity/2020.3.30f1/Editor/Data/PlaybackEngines/WebGLSupport/UnityEditor.WebGL.Extensions.dll
Register platform support module: D:/Program Files/Unity/2020.3.30f1/Editor/Data/PlaybackEngines/WindowsStandaloneSupport/UnityEditor.WindowsStandalone.Extensions.dll
Registered in 0.000995 seconds.
Native extension for WindowsStandalone target not found
Native extension for WebGL target not found
Refreshing native plugins compatible for Editor in 68.65 ms, found 2 plugins.
Preloading 0 native plugins for Editor in 0.00 ms.
Mono: successfully reloaded assembly
- Completed reload, in  0.560 seconds
Domain Reload Profiling:
	ReloadAssembly (560ms)
		BeginReloadAssembly (53ms)
			ExecutionOrderSort (0ms)
			DisableScriptedObjects (0ms)
			BackupInstance (0ms)
			ReleaseScriptingObjects (0ms)
			CreateAndSetChildDomain (1ms)
		EndReloadAssembly (445ms)
			LoadAssemblies (52ms)
			RebuildTransferFunctionScriptingTraits (0ms)
			SetupTypeCache (137ms)
			ReleaseScriptCaches (0ms)
			RebuildScriptCaches (31ms)
			SetupLoadedEditorAssemblies (186ms)
				LogAssemblyErrors (0ms)
				InitializePlatformSupportModulesInManaged (4ms)
				SetLoadedEditorAssemblies (0ms)
				RefreshPlugins (69ms)
				BeforeProcessingInitializeOnLoad (9ms)
				ProcessInitializeOnLoadAttributes (77ms)
				ProcessInitializeOnLoadMethodAttributes (27ms)
				AfterProcessingInitializeOnLoad (0ms)
				EditorAssembliesLoaded (0ms)
			ExecutionOrderSort2 (0ms)
			AwakeInstancesAfterBackupRestoration (0ms)
Platform modules already initialized, skipping
Registering precompiled user dll's ...
Registered in 0.003592 seconds.
Begin MonoManager ReloadAssembly
Native extension for WindowsStandalone target not found
Native extension for WebGL target not found
Refreshing native plugins compatible for Editor in 70.57 ms, found 2 plugins.
Preloading 0 native plugins for Editor in 0.00 ms.
Mono: successfully reloaded assembly
- Completed reload, in  1.102 seconds
Domain Reload Profiling:
	ReloadAssembly (1103ms)
		BeginReloadAssembly (134ms)
			ExecutionOrderSort (0ms)
			DisableScriptedObjects (4ms)
			BackupInstance (0ms)
			ReleaseScriptingObjects (0ms)
			CreateAndSetChildDomain (18ms)
		EndReloadAssembly (918ms)
			LoadAssemblies (85ms)
			RebuildTransferFunctionScriptingTraits (0ms)
			SetupTypeCache (287ms)
			ReleaseScriptCaches (1ms)
			RebuildScriptCaches (50ms)
			SetupLoadedEditorAssemblies (387ms)
				LogAssemblyErrors (0ms)
				InitializePlatformSupportModulesInManaged (4ms)
				SetLoadedEditorAssemblies (0ms)
				RefreshPlugins (71ms)
				BeforeProcessingInitializeOnLoad (67ms)
				ProcessInitializeOnLoadAttributes (237ms)
				ProcessInitializeOnLoadMethodAttributes (7ms)
				AfterProcessingInitializeOnLoad (2ms)
				EditorAssembliesLoaded (0ms)
			ExecutionOrderSort2 (0ms)
			AwakeInstancesAfterBackupRestoration (6ms)
Platform modules already initialized, skipping
========================================================================
Worker process is ready to serve import requests
Launched and connected shader compiler UnityShaderCompiler.exe after 0.18 seconds
Refreshing native plugins compatible for Editor in 0.72 ms, found 2 plugins.
Preloading 0 native plugins for Editor in 0.00 ms.
Unloading 3053 Unused Serialized files (Serialized files now loaded: 0)
System memory in use before: 141.7 MB.
System memory in use after: 141.9 MB.

Unloading 18 unused Assets to reduce memory usage. Loaded Objects now: 3490.
Total: 5.364800 ms (FindLiveObjects: 0.241900 ms CreateObjectMapping: 0.133200 ms MarkObjects: 4.909800 ms  DeleteObjects: 0.079100 ms)

AssetImportParameters requested are different than current active one (requested -> active):
  custom:framework-win-MediaFoundation: 216162199b28c13a410421893ffa2e32 -> 
  custom:video-decoder-ogg-theora: a1e56fd34408186e4bbccfd4996cb3dc -> 
  custom:container-muxer-webm: aa71ff27fc2769a1b78a27578f13a17b -> 
  custom:container-demuxer-webm: 4f35f7cbe854078d1ac9338744f61a02 -> 
  custom:container-demuxer-ogg: 62fdf1f143b41e24485cea50d1cbac27 -> 
  custom:video-encoder-webm-vp8: eb34c28f22e8b96e1ab97ce403110664 -> 
  custom:video-codec-MediaFoundation-h265: 746d11721c4dcdbdad8f713fa42b33f4 -> 
  custom:video-decoder-webm-vp8: 9c59270c3fd7afecdb556c50c9e8de78 -> 
  custom:audio-decoder-ogg-vorbis: bf7c407c2cedff20999df2af8eb42d56 -> 
  custom:audio-encoder-webm-vorbis: bf7c407c2cedff20999df2af8eb42d56 -> 
========================================================================
Received Import Request.
  path: Assets/Shaders
  artifactKey: Guid(d58bb56ffa366bf45a4a9ea5d70ebd18) Importer(815301076,1909f56bfc062723c751e8b465ee728b)
Start importing Assets/Shaders using Guid(d58bb56ffa366bf45a4a9ea5d70ebd18) Importer(815301076,1909f56bfc062723c751e8b465ee728b)  -> (artifact id: 'b3c032de7682176c32e429a118e61177') in 0.009969 seconds 
========================================================================
Received Import Request.
  Time since last request: 3.903214 seconds.
  path: Assets/Shaders/Trail.shadergraph
  artifactKey: Guid(3cc51aabe069a2744a3b7c5c8cff4691) Importer(815301076,1909f56bfc062723c751e8b465ee728b)
Start importing Assets/Shaders/Trail.shadergraph using Guid(3cc51aabe069a2744a3b7c5c8cff4691) Importer(815301076,1909f56bfc062723c751e8b465ee728b)  -> (artifact id: 'a1a75f0c9112d4a08d507965d911d9b4') in 0.160638 seconds 
========================================================================
Received Import Request.
  Time since last request: 14.801891 seconds.
  path: Assets/Shaders/TrailShader.shadergraph
  artifactKey: Guid(3cc51aabe069a2744a3b7c5c8cff4691) Importer(815301076,1909f56bfc062723c751e8b465ee728b)
Start importing Assets/Shaders/TrailShader.shadergraph using Guid(3cc51aabe069a2744a3b7c5c8cff4691) Importer(815301076,1909f56bfc062723c751e8b465ee728b)  -> (artifact id: '20f2f188aeba4f4f0932c078060c43c6') in 0.010594 seconds 
========================================================================
Received Import Request.
  Time since last request: 432.586815 seconds.
  path: Assets/PolygonNature/Textures/Ground_Textures/BaseGrass_normals.png
  artifactKey: Guid(edddba054057d7c49b0669dc00b76644) Importer(815301076,1909f56bfc062723c751e8b465ee728b)
Start importing Assets/PolygonNature/Textures/Ground_Textures/BaseGrass_normals.png using Guid(edddba054057d7c49b0669dc00b76644) Importer(815301076,1909f56bfc062723c751e8b465ee728b)  -> (artifact id: 'b777bebb8da9bd4685aa91a70d58cc46') in 0.319074 seconds 
========================================================================
Received Import Request.
  Time since last request: 0.000234 seconds.
  path: Assets/PolygonNature/Textures/Ground_Textures/Cliffwall.png
  artifactKey: Guid(9e97314480fcc844da9bfd134b42fab5) Importer(815301076,1909f56bfc062723c751e8b465ee728b)
Start importing Assets/PolygonNature/Textures/Ground_Textures/Cliffwall.png using Guid(9e97314480fcc844da9bfd134b42fab5) Importer(815301076,1909f56bfc062723c751e8b465ee728b)  -> (artifact id: 'cdd1e0f97461bc944ab0dabfc5fdfba8') in 0.019923 seconds 
========================================================================
Received Import Request.
  Time since last request: 0.000310 seconds.
  path: Assets/Textures/Player/crosshair.png
  artifactKey: Guid(a21b422c9ee75b84e9203a96eb84f1e0) Importer(815301076,1909f56bfc062723c751e8b465ee728b)
Start importing Assets/Textures/Player/crosshair.png using Guid(a21b422c9ee75b84e9203a96eb84f1e0) Importer(815301076,1909f56bfc062723c751e8b465ee728b)  -> (artifact id: '9af3f469f48d821a6a4010965d5eca74') in 0.022813 seconds 
========================================================================
Received Import Request.
  Time since last request: 0.000229 seconds.
  path: Assets/PolygonNature/Textures/Ground_Textures/Cliffwall_normals.png
  artifactKey: Guid(a7941b867f2d31b4b95f3d46b24e06c5) Importer(815301076,1909f56bfc062723c751e8b465ee728b)
Start importing Assets/PolygonNature/Textures/Ground_Textures/Cliffwall_normals.png using Guid(a7941b867f2d31b4b95f3d46b24e06c5) Importer(815301076,1909f56bfc062723c751e8b465ee728b)  -> (artifact id: 'cf2b9204bd9368c654140721fa950578') in 0.029536 seconds 
========================================================================
Received Import Request.
  Time since last request: 0.000180 seconds.
  path: Assets/HDRS/dikhololo_night_4k.exr
  artifactKey: Guid(d490d4c9488cd3042bd53c97525687d8) Importer(815301076,1909f56bfc062723c751e8b465ee728b)
Start importing Assets/HDRS/dikhololo_night_4k.exr using Guid(d490d4c9488cd3042bd53c97525687d8) Importer(815301076,1909f56bfc062723c751e8b465ee728b)  -> (artifact id: '83f6ee534be857a46206d7e95ce618bc') in 0.026858 seconds 
========================================================================
Received Import Request.
  Time since last request: 0.000380 seconds.
  path: Assets/PolygonNature/Textures/Misc/Black.png
  artifactKey: Guid(2902fd4bd2da5b443b13a9a44a74789b) Importer(815301076,1909f56bfc062723c751e8b465ee728b)
Start importing Assets/PolygonNature/Textures/Misc/Black.png using Guid(2902fd4bd2da5b443b13a9a44a74789b) Importer(815301076,1909f56bfc062723c751e8b465ee728b)  -> (artifact id: 'ac651bcc9eb020674e066d5ad73a1ee5') in 0.017228 seconds 
========================================================================
Received Import Request.
  Time since last request: 0.000790 seconds.
  path: Assets/PolygonNature/Textures/Leaves/Birch_Trunk_Texture.png
  artifactKey: Guid(44fe53d0e7db1d74b995e75b902e7295) Importer(815301076,1909f56bfc062723c751e8b465ee728b)
Start importing Assets/PolygonNature/Textures/Leaves/Birch_Trunk_Texture.png using Guid(44fe53d0e7db1d74b995e75b902e7295) Importer(815301076,1909f56bfc062723c751e8b465ee728b)  -> (artifact id: '9bec7d98528bc282a3f17df9fa95c917') in 0.018193 seconds 
========================================================================
Received Import Request.
  Time since last request: 0.000253 seconds.
  path: Assets/PolygonNature/FX/FX_Materials/ButterflySheetWhite.png
  artifactKey: Guid(c5b11929c6982c541b5508a391402a85) Importer(815301076,1909f56bfc062723c751e8b465ee728b)
Start importing Assets/PolygonNature/FX/FX_Materials/ButterflySheetWhite.png using Guid(c5b11929c6982c541b5508a391402a85) Importer(815301076,1909f56bfc062723c751e8b465ee728b)  -> (artifact id: 'fad028bfb3d05d6357789a696d373b61') in 0.030367 seconds 
========================================================================
Received Import Request.
  Time since last request: 1.036094 seconds.
  path: Assets/Textures/Environment/Misc/Dungeon_Fog_Breakup.tga
  artifactKey: Guid(188986f6af92a334c8b22f1bb58d2b98) Importer(815301076,1909f56bfc062723c751e8b465ee728b)
Start importing Assets/Textures/Environment/Misc/Dungeon_Fog_Breakup.tga using Guid(188986f6af92a334c8b22f1bb58d2b98) Importer(815301076,1909f56bfc062723c751e8b465ee728b)  -> (artifact id: 'b5e27b3f72b232be21ed51bed80052ac') in 0.015172 seconds 
========================================================================
Received Import Request.
  Time since last request: 0.000164 seconds.
  path: Assets/Textures/Environment/Misc/Dungeons_Crystal_Metallic.tif
  artifactKey: Guid(b8d8f0f13772c374d8d6354900c44e30) Importer(815301076,1909f56bfc062723c751e8b465ee728b)
Start importing Assets/Textures/Environment/Misc/Dungeons_Crystal_Metallic.tif using Guid(b8d8f0f13772c374d8d6354900c44e30) Importer(815301076,1909f56bfc062723c751e8b465ee728b)  -> (artifact id: 'b7fb0e9b1b662e880faa23f27b5d1cee') in 0.095040 seconds 
========================================================================
Received Import Request.
  Time since last request: 0.367255 seconds.
  path: Assets/Textures/Environment/Dungeons_Texture_01.png
  artifactKey: Guid(b24b57e0cfed05643be34b0256df875e) Importer(815301076,1909f56bfc062723c751e8b465ee728b)
Start importing Assets/Textures/Environment/Dungeons_Texture_01.png using Guid(b24b57e0cfed05643be34b0256df875e) Importer(815301076,1909f56bfc062723c751e8b465ee728b)  -> (artifact id: 'f979acf4fac634c2dbf73967530660ff') in 0.012937 seconds 
========================================================================
Received Import Request.
  Time since last request: 0.000244 seconds.
  path: Assets/Textures/Environment/Alternatives/Dungeons_Texture_01_A.png
  artifactKey: Guid(31ccc8816a063274bbcd2ed6a7cd6907) Importer(815301076,1909f56bfc062723c751e8b465ee728b)
Start importing Assets/Textures/Environment/Alternatives/Dungeons_Texture_01_A.png using Guid(31ccc8816a063274bbcd2ed6a7cd6907) Importer(815301076,1909f56bfc062723c751e8b465ee728b)  -> (artifact id: '5bbfed52b0521c3415ae31b3974da69e') in 0.016199 seconds 
========================================================================
Received Import Request.
  Time since last request: 0.018953 seconds.
  path: Assets/Textures/Environment/Alternatives/Dungeons_Texture_01_B.png
  artifactKey: Guid(43a17cdabcb2b374fbcc12e4d4977760) Importer(815301076,1909f56bfc062723c751e8b465ee728b)
Start importing Assets/Textures/Environment/Alternatives/Dungeons_Texture_01_B.png using Guid(43a17cdabcb2b374fbcc12e4d4977760) Importer(815301076,1909f56bfc062723c751e8b465ee728b)  -> (artifact id: '997716b4949c85d9e7073fc5b87265f2') in 0.012069 seconds 
========================================================================
Received Import Request.
  Time since last request: 0.000223 seconds.
  path: Assets/Textures/Environment/Alternatives/Dungeons_Texture_01_C.png
  artifactKey: Guid(84991b099ef2b2f448c89be08a27a0ee) Importer(815301076,1909f56bfc062723c751e8b465ee728b)
Start importing Assets/Textures/Environment/Alternatives/Dungeons_Texture_01_C.png using Guid(84991b099ef2b2f448c89be08a27a0ee) Importer(815301076,1909f56bfc062723c751e8b465ee728b)  -> (artifact id: 'c03dd5a0e227b40aba192c5b54ba0258') in 0.017708 seconds 
========================================================================
Received Import Request.
  Time since last request: 0.048909 seconds.
  path: Assets/Textures/Environment/Alternatives/Dungeons_Texture_01_D.png
  artifactKey: Guid(f1446f759308e5a429875c542c92d5e6) Importer(815301076,1909f56bfc062723c751e8b465ee728b)
Start importing Assets/Textures/Environment/Alternatives/Dungeons_Texture_01_D.png using Guid(f1446f759308e5a429875c542c92d5e6) Importer(815301076,1909f56bfc062723c751e8b465ee728b)  -> (artifact id: '5dcf85f70d474f4c6a3a75b4b640539f') in 0.012698 seconds 
========================================================================
Received Import Request.
  Time since last request: 0.000279 seconds.
  path: Assets/Textures/Environment/Dungeons_Texture_02.png
  artifactKey: Guid(f3117e735161a1e49aa3f78498761f06) Importer(815301076,1909f56bfc062723c751e8b465ee728b)
Start importing Assets/Textures/Environment/Dungeons_Texture_02.png using Guid(f3117e735161a1e49aa3f78498761f06) Importer(815301076,1909f56bfc062723c751e8b465ee728b)  -> (artifact id: 'f1c0d6b39df284d6c6e5966e3b340768') in 0.016512 seconds 
========================================================================
Received Import Request.
  Time since last request: 0.055455 seconds.
  path: Assets/Textures/Environment/Alternatives/Dungeons_Texture_02_A.png
  artifactKey: Guid(7f655a704929b8f47b4cbabe4b5ff85e) Importer(815301076,1909f56bfc062723c751e8b465ee728b)
Start importing Assets/Textures/Environment/Alternatives/Dungeons_Texture_02_A.png using Guid(7f655a704929b8f47b4cbabe4b5ff85e) Importer(815301076,1909f56bfc062723c751e8b465ee728b)  -> (artifact id: 'de831fd82217f7ce7882b47ee1a77a33') in 0.014389 seconds 
========================================================================
Received Import Request.
  Time since last request: 0.000262 seconds.
  path: Assets/Textures/Environment/Alternatives/Dungeons_Texture_02_B.png
  artifactKey: Guid(7cd840983f1fee34ea83d3a281e39017) Importer(815301076,1909f56bfc062723c751e8b465ee728b)
Start importing Assets/Textures/Environment/Alternatives/Dungeons_Texture_02_B.png using Guid(7cd840983f1fee34ea83d3a281e39017) Importer(815301076,1909f56bfc062723c751e8b465ee728b)  -> (artifact id: '5afcb8086e06ebe01357dec947901881') in 0.017469 seconds 
========================================================================
Received Import Request.
  Time since last request: 0.364434 seconds.
  path: Assets/Textures/Environment/Alternatives/Dungeons_Texture_02_C.png
  artifactKey: Guid(5cc82904a6e45f842ab36cf805c89fbc) Importer(815301076,1909f56bfc062723c751e8b465ee728b)
Start importing Assets/Textures/Environment/Alternatives/Dungeons_Texture_02_C.png using Guid(5cc82904a6e45f842ab36cf805c89fbc) Importer(815301076,1909f56bfc062723c751e8b465ee728b)  -> (artifact id: '1227e1f3828196fa3e1bf3a760fe5697') in 0.012155 seconds 
========================================================================
Received Import Request.
  Time since last request: 0.000290 seconds.
  path: Assets/Textures/Environment/Alternatives/Dungeons_Texture_02_D.png
  artifactKey: Guid(a7a21d65fb82f1c4db162a9a414dc1ca) Importer(815301076,1909f56bfc062723c751e8b465ee728b)
Start importing Assets/Textures/Environment/Alternatives/Dungeons_Texture_02_D.png using Guid(a7a21d65fb82f1c4db162a9a414dc1ca) Importer(815301076,1909f56bfc062723c751e8b465ee728b)  -> (artifact id: '6ed27d6003dd2d577e03ef767813c8e3') in 0.015741 seconds 
========================================================================
Received Import Request.
  Time since last request: 0.000438 seconds.
  path: Assets/Textures/Environment/Dungeons_Texture_03.png
  artifactKey: Guid(a2e781ab9b9e5d748b74706dcbbab973) Importer(815301076,1909f56bfc062723c751e8b465ee728b)
Start importing Assets/Textures/Environment/Dungeons_Texture_03.png using Guid(a2e781ab9b9e5d748b74706dcbbab973) Importer(815301076,1909f56bfc062723c751e8b465ee728b)  -> (artifact id: 'fb82795ea2773454e5826ac649de876b') in 0.021918 seconds 
========================================================================
Received Import Request.
  Time since last request: 0.000882 seconds.
  path: Assets/Textures/Environment/Alternatives/Dungeons_Texture_03_B.png
  artifactKey: Guid(ec5f845ae1dc55d44b3f4cb0b90a2a16) Importer(815301076,1909f56bfc062723c751e8b465ee728b)
Start importing Assets/Textures/Environment/Alternatives/Dungeons_Texture_03_B.png using Guid(ec5f845ae1dc55d44b3f4cb0b90a2a16) Importer(815301076,1909f56bfc062723c751e8b465ee728b)  -> (artifact id: '2c2e011d51c839164d436822f1c022bc') in 0.091135 seconds 
========================================================================
Received Import Request.
  Time since last request: 0.000336 seconds.
  path: Assets/Textures/Environment/Alternatives/Dungeons_Texture_03_A.png
  artifactKey: Guid(f5091d7101c57414f9e80ac6f576f9d5) Importer(815301076,1909f56bfc062723c751e8b465ee728b)
Start importing Assets/Textures/Environment/Alternatives/Dungeons_Texture_03_A.png using Guid(f5091d7101c57414f9e80ac6f576f9d5) Importer(815301076,1909f56bfc062723c751e8b465ee728b)  -> (artifact id: 'fcf67a5feac045b59a551c1a93a0a243') in 0.015961 seconds 
========================================================================
Received Import Request.
  Time since last request: 0.000274 seconds.
  path: Assets/Textures/Environment/Alternatives/Dungeons_Texture_03_C.png
  artifactKey: Guid(149cc95da1851b84c8cc80d2471176db) Importer(815301076,1909f56bfc062723c751e8b465ee728b)
Start importing Assets/Textures/Environment/Alternatives/Dungeons_Texture_03_C.png using Guid(149cc95da1851b84c8cc80d2471176db) Importer(815301076,1909f56bfc062723c751e8b465ee728b)  -> (artifact id: 'ba4e2d598f929c626219ede25e525ee1') in 0.023519 seconds 
========================================================================
Received Import Request.
  Time since last request: 0.000306 seconds.
  path: Assets/Textures/Environment/Alternatives/Dungeons_Texture_03_D.png
  artifactKey: Guid(07694d84c5bfd0743b6160b11aabbc38) Importer(815301076,1909f56bfc062723c751e8b465ee728b)
Start importing Assets/Textures/Environment/Alternatives/Dungeons_Texture_03_D.png using Guid(07694d84c5bfd0743b6160b11aabbc38) Importer(815301076,1909f56bfc062723c751e8b465ee728b)  -> (artifact id: '3a8ee6a65d15500bb051a00ecf190e43') in 0.018696 seconds 
========================================================================
Received Import Request.
  Time since last request: 0.000327 seconds.
  path: Assets/Textures/Environment/Dungeons_Texture_04.png
  artifactKey: Guid(e2470a432baf43f4b9602fe6cb1753ba) Importer(815301076,1909f56bfc062723c751e8b465ee728b)
Start importing Assets/Textures/Environment/Dungeons_Texture_04.png using Guid(e2470a432baf43f4b9602fe6cb1753ba) Importer(815301076,1909f56bfc062723c751e8b465ee728b)  -> (artifact id: '0f00abded54b9237637dac519cf10e4c') in 0.019184 seconds 
========================================================================
Received Import Request.
  Time since last request: 0.068480 seconds.
  path: Assets/Textures/Environment/Alternatives/Dungeons_Texture_04_A.png
  artifactKey: Guid(0dc0773311e12ff4a8d66f4272e7215a) Importer(815301076,1909f56bfc062723c751e8b465ee728b)
Start importing Assets/Textures/Environment/Alternatives/Dungeons_Texture_04_A.png using Guid(0dc0773311e12ff4a8d66f4272e7215a) Importer(815301076,1909f56bfc062723c751e8b465ee728b)  -> (artifact id: 'cae3716fb863901cedebdacfb240f110') in 0.012407 seconds 
========================================================================
Received Import Request.
  Time since last request: 0.000315 seconds.
  path: Assets/Textures/Environment/Alternatives/Dungeons_Texture_04_B.png
  artifactKey: Guid(f2a001e91ce41ae45998592e5a689d48) Importer(815301076,1909f56bfc062723c751e8b465ee728b)
Start importing Assets/Textures/Environment/Alternatives/Dungeons_Texture_04_B.png using Guid(f2a001e91ce41ae45998592e5a689d48) Importer(815301076,1909f56bfc062723c751e8b465ee728b)  -> (artifact id: '51736d2a9ec6201313f14d42082039bd') in 0.019427 seconds 
========================================================================
Received Import Request.
  Time since last request: 0.029933 seconds.
  path: Assets/Textures/Environment/Alternatives/Dungeons_Texture_04_C.png
  artifactKey: Guid(2f813ab06deb9894fa1df3f6afa64289) Importer(815301076,1909f56bfc062723c751e8b465ee728b)
Start importing Assets/Textures/Environment/Alternatives/Dungeons_Texture_04_C.png using Guid(2f813ab06deb9894fa1df3f6afa64289) Importer(815301076,1909f56bfc062723c751e8b465ee728b)  -> (artifact id: '5937b436dad62ff144af080ef03839f2') in 0.013499 seconds 
========================================================================
Received Import Request.
  Time since last request: 0.000226 seconds.
  path: Assets/Textures/Environment/Alternatives/Dungeons_Texture_04_D.png
  artifactKey: Guid(264f8b9c29acfbf4d92e5d083d3efe06) Importer(815301076,1909f56bfc062723c751e8b465ee728b)
Start importing Assets/Textures/Environment/Alternatives/Dungeons_Texture_04_D.png using Guid(264f8b9c29acfbf4d92e5d083d3efe06) Importer(815301076,1909f56bfc062723c751e8b465ee728b)  -> (artifact id: '33423572b70a41e475777ff0c971afcc') in 0.015005 seconds 
========================================================================
Received Import Request.
  Time since last request: 0.196852 seconds.
  path: Assets/Textures/Environment/Misc/Dungeons_Texture_FloorTiles_01.png
  artifactKey: Guid(7b6e8693e1d992d42b4e4e946a43e145) Importer(815301076,1909f56bfc062723c751e8b465ee728b)
Start importing Assets/Textures/Environment/Misc/Dungeons_Texture_FloorTiles_01.png using Guid(7b6e8693e1d992d42b4e4e946a43e145) Importer(815301076,1909f56bfc062723c751e8b465ee728b)  -> (artifact id: '5b35b6f15f6590db7e40b9a72e70c90e') in 0.014491 seconds 
========================================================================
Received Import Request.
  Time since last request: 0.000275 seconds.
  path: Assets/Textures/Environment/Misc/Dungeons_Texture_FloorTiles_02.png
  artifactKey: Guid(12f02ee64768725449da076f8f95aefc) Importer(815301076,1909f56bfc062723c751e8b465ee728b)
Start importing Assets/Textures/Environment/Misc/Dungeons_Texture_FloorTiles_02.png using Guid(12f02ee64768725449da076f8f95aefc) Importer(815301076,1909f56bfc062723c751e8b465ee728b)  -> (artifact id: '6ee475f9f9dc7edae0cf7142843ccc47') in 0.088497 seconds 
========================================================================
Received Import Request.
  Time since last request: 0.000241 seconds.
  path: Assets/Textures/Environment/Misc/Dungeons_Texture_FloorTiles_03.png
  artifactKey: Guid(799cb419e1c152a489f0053a612f9d44) Importer(815301076,1909f56bfc062723c751e8b465ee728b)
Start importing Assets/Textures/Environment/Misc/Dungeons_Texture_FloorTiles_03.png using Guid(799cb419e1c152a489f0053a612f9d44) Importer(815301076,1909f56bfc062723c751e8b465ee728b)  -> (artifact id: 'e539ca6ffa40ce5ae9c15489daf9f503') in 0.017345 seconds 
========================================================================
Received Import Request.
  Time since last request: 0.000300 seconds.
  path: Assets/Textures/Environment/Misc/Dungeons_Texture_FloorTiles_Normal.png
  artifactKey: Guid(8d626288425427f42806b70f30e50a98) Importer(815301076,1909f56bfc062723c751e8b465ee728b)
Start importing Assets/Textures/Environment/Misc/Dungeons_Texture_FloorTiles_Normal.png using Guid(8d626288425427f42806b70f30e50a98) Importer(815301076,1909f56bfc062723c751e8b465ee728b)  -> (artifact id: 'afee3865bd68f3c614e33fb56bf3811c') in 0.051740 seconds 
========================================================================
Received Import Request.
  Time since last request: 0.000287 seconds.
  path: Assets/Textures/Environment/Misc/Dungeons_Texture_FloorTiles_04.png
  artifactKey: Guid(a29db67bb370abb4b8ce3719b45e66a8) Importer(815301076,1909f56bfc062723c751e8b465ee728b)
Start importing Assets/Textures/Environment/Misc/Dungeons_Texture_FloorTiles_04.png using Guid(a29db67bb370abb4b8ce3719b45e66a8) Importer(815301076,1909f56bfc062723c751e8b465ee728b)  -> (artifact id: 'b5283fe68cfa702bb46e9bef8404a6de') in 0.016115 seconds 
========================================================================
Received Import Request.
  Time since last request: 0.000487 seconds.
  path: Assets/Textures/Environment/Misc/Dungeons_Texture_FloorTiles_mask.png
  artifactKey: Guid(2e7da44e17f80444984517112e28bb1e) Importer(815301076,1909f56bfc062723c751e8b465ee728b)
Start importing Assets/Textures/Environment/Misc/Dungeons_Texture_FloorTiles_mask.png using Guid(2e7da44e17f80444984517112e28bb1e) Importer(815301076,1909f56bfc062723c751e8b465ee728b)  -> (artifact id: '6bca9007bfdb176ec919e5ade567def9') in 0.021657 seconds 
========================================================================
Received Import Request.
  Time since last request: 1888.994939 seconds.
  path: Assets/Shaders/TrailShader.shadergraph
  artifactKey: Guid(3cc51aabe069a2744a3b7c5c8cff4691) Importer(815301076,1909f56bfc062723c751e8b465ee728b)
Start importing Assets/Shaders/TrailShader.shadergraph using Guid(3cc51aabe069a2744a3b7c5c8cff4691) Importer(815301076,1909f56bfc062723c751e8b465ee728b)  -> (artifact id: '3b4178523fa6ce4953a9f0a0e67473e9') in 0.006678 seconds 
========================================================================
Received Import Request.
  Time since last request: 21.396883 seconds.
  path: Assets/Shaders/TrailShaderMaterial.mat
  artifactKey: Guid(6fdf7178463acd749a7256e5abb537eb) Importer(815301076,1909f56bfc062723c751e8b465ee728b)
Start importing Assets/Shaders/TrailShaderMaterial.mat using Guid(6fdf7178463acd749a7256e5abb537eb) Importer(815301076,1909f56bfc062723c751e8b465ee728b)  -> (artifact id: '7a36a3b27ff586f35bc341d53d39f1ba') in 0.115301 seconds 
AssetImportWorkerClient::OnTransportError - code=2 error=End of file
